C51 COMPILER V6.14  CRC                                                                    11/26/2005 20:58:30 PAGE 1   


C51 COMPILER V6.14, COMPILATION OF MODULE CRC
OBJECT MODULE PLACED IN .\CRC.OBJ
COMPILER INVOKED BY: C:\Keil\C51\BIN\C51.EXE .\CRC.C LARGE DEBUG OBJECTEXTEND CODE LISTINCLUDE SYMBOLS

stmt level    source

   1          #include "crc.h"
   1      =1  unsigned short calc_crc(unsigned char *buf, int len);
   2      =1  int check_crc(unsigned char *buf, int len);
   2          
   3          const unsigned short xdata fcstbl[] = {
   4                0x0000,0x1021,0x2042,0x3063,0x4084,0x50A5,0x60C6,0x70E7,0x8108,0x9129,
   5                0xA14A,0xB16B,0xC18C,0xD1AD,0xE1CE,0xF1EF,0x1231,0x0210,0x3273,0x2252,
   6                0x52B5,0x4294,0x72F7,0x62D6,0x9339,0x8318,0xB37B,0xA35A,0xD3BD,0xC39C,
   7                0xF3FF,0xE3DE,0x2462,0x3443,0x0420,0x1401,0x64E6,0x74C7,0x44A4,0x5485,
   8                0xA56A,0xB54B,0x8528,0x9509,0xE5EE,0xF5CF,0xC5AC,0xD58D,0x3653,0x2672,
   9                0x1611,0x0630,0x76D7,0x66F6,0x5695,0x46B4,0xB75B,0xA77A,0x9719,0x8738,
  10                0xF7DF,0xE7FE,0xD79D,0xC7BC,0x48C4,0x58E5,0x6886,0x78A7,0x0840,0x1861,
  11                0x2802,0x3823,0xC9CC,0xD9ED,0xE98E,0xF9AF,0x8948,0x9969,0xA90A,0xB92B,
  12                0x5AF5,0x4AD4,0x7AB7,0x6A96,0x1A71,0x0A50,0x3A33,0x2A12,0xDBFD,0xCBDC,
  13                0xFBBF,0xEB9E,0x9B79,0x8B58,0xBB3B,0xAB1A,0x6CA6,0x7C87,0x4CE4,0x5CC5,
  14                0x2C22,0x3C03,0x0C60,0x1C41,0xEDAE,0xFD8F,0xCDEC,0xDDCD,0xAD2A,0xBD0B,
  15                0x8D68,0x9D49,0x7E97,0x6EB6,0x5ED5,0x4EF4,0x3E13,0x2E32,0x1E51,0x0E70,
  16                0xFF9F,0xEFBE,0xDFDD,0xCFFC,0xBF1B,0xAF3A,0x9F59,0x8F78,0x9188,0x81A9,
  17                0xB1CA,0xA1EB,0xD10C,0xC12D,0xF14E,0xE16F,0x1080,0x00A1,0x30C2,0x20E3,
  18                0x5004,0x4025,0x7046,0x6067,0x83B9,0x9398,0xA3FB,0xB3DA,0xC33D,0xD31C,
  19                0xE37F,0xF35E,0x02B1,0x1290,0x22F3,0x32D2,0x4235,0x5214,0x6277,0x7256,
  20                0xB5EA,0xA5CB,0x95A8,0x8589,0xF56E,0xE54F,0xD52C,0xC50D,0x34E2,0x24C3,
  21                0x14A0,0x0481,0x7466,0x6447,0x5424,0x4405,0xA7DB,0xB7FA,0x8799,0x97B8,
  22                0xE75F,0xF77E,0xC71D,0xD73C,0x26D3,0x36F2,0x0691,0x16B0,0x6657,0x7676,
  23                0x4615,0x5634,0xD94C,0xC96D,0xF90E,0xE92F,0x99C8,0x89E9,0xB98A,0xA9AB,
  24                0x5844,0x4865,0x7806,0x6827,0x18C0,0x08E1,0x3882,0x28A3,0xCB7D,0xDB5C,
  25                0xEB3F,0xFB1E,0x8BF9,0x9BD8,0xABBB,0xBB9A,0x4A75,0x5A54,0x6A37,0x7A16,
  26                0x0AF1,0x1AD0,0x2AB3,0x3A92,0xFD2E,0xED0F,0xDD6C,0xCD4D,0xBDAA,0xAD8B,
  27                0x9DE8,0x8DC9,0x7C26,0x6C07,0x5C64,0x4C45,0x3CA2,0x2C83,0x1CE0,0x0CC1,
  28                0xEF1F,0xFF3E,0xCF5D,0xDF7C,0xAF9B,0xBFBA,0x8FD9,0x9FF8,0x6E17,0x7E36,
  29                0x4E55,0x5E74,0x2E93,0x3EB2,0x0ED1,0x1EF0};
  30          
  31          #define FCS(crc,data)		((crc << 8) ^ fcstbl[(crc >> 8) ^ data])
  32          /* End code from Appendix B of RFC 1171 */
  33          /* The following routines are simply convenience routines...
  34           * I'll merge them into the mainline code when suitably debugged */
  35          /* Return the computed CRC */
  36          /* Compute CCITT CRC-16 over a buffer */
  37          unsigned short calc_crc(unsigned char *buf, int len)
  38          {
  39   1      	unsigned short crc = 0;
  40   1      	while (len--) 
  41   1      	{
  42   2      		crc = FCS(crc, *buf++);
  43   2      	}
  44   1      	return (crc);
  45   1      }
  46          
  47          /* Return true if the CRC is correct */
  48          
  49          int check_crc(unsigned char *buf, int len)
  50          {
  51   1      	unsigned short crc = 0;
  52   1      	while (len--) crc = FCS(crc, *buf++);
  53   1      	return (crc==0);
C51 COMPILER V6.14  CRC                                                                    11/26/2005 20:58:30 PAGE 2   

  54   1      }
  55            
C51 COMPILER V6.14  CRC                                                                    11/26/2005 20:58:30 PAGE 3   

ASSEMBLY LISTING OF GENERATED OBJECT CODE


             ; FUNCTION _calc_crc (BEGIN)
                                           ; SOURCE LINE # 37
0000 900000      R     MOV     DPTR,#buf
0003 EB                MOV     A,R3
0004 F0                MOVX    @DPTR,A
0005 A3                INC     DPTR
0006 EA                MOV     A,R2
0007 F0                MOVX    @DPTR,A
0008 A3                INC     DPTR
0009 E9                MOV     A,R1
000A F0                MOVX    @DPTR,A
000B A3                INC     DPTR
000C EC                MOV     A,R4
000D F0                MOVX    @DPTR,A
000E A3                INC     DPTR
000F ED                MOV     A,R5
0010 F0                MOVX    @DPTR,A
                                           ; SOURCE LINE # 38
                                           ; SOURCE LINE # 39
0011 E4                CLR     A
0012 A3                INC     DPTR
0013 F0                MOVX    @DPTR,A
0014 A3                INC     DPTR
0015 F0                MOVX    @DPTR,A
0016         ?C0001:
                                           ; SOURCE LINE # 40
0016 900000      R     MOV     DPTR,#len
0019 74FF              MOV     A,#0FFH
001B F5F0              MOV     B,A
001D 120000      E     LCALL   ?C?ILDIX
0020 45F0              ORL     A,B
0022 6042              JZ      ?C0002
                                           ; SOURCE LINE # 41
                                           ; SOURCE LINE # 42
0024 900000      R     MOV     DPTR,#buf
0027 E0                MOVX    A,@DPTR
0028 FB                MOV     R3,A
0029 A3                INC     DPTR
002A E4                CLR     A
002B 75F001            MOV     B,#01H
002E 120000      E     LCALL   ?C?ILDIX
0031 A9F0              MOV     R1,B
0033 FA                MOV     R2,A
0034 120000      E     LCALL   ?C?CLDPTR
0037 FD                MOV     R5,A
0038 900000      R     MOV     DPTR,#crc
003B E0                MOVX    A,@DPTR
003C FA                MOV     R2,A
003D A3                INC     DPTR
003E E0                MOVX    A,@DPTR
003F FB                MOV     R3,A
0040 EA                MOV     A,R2
0041 FF                MOV     R7,A
0042 E4                CLR     A
0043 EF                MOV     A,R7
0044 6D                XRL     A,R5
0045 25E0              ADD     A,ACC
0047 FF                MOV     R7,A
0048 E4                CLR     A
C51 COMPILER V6.14  CRC                                                                    11/26/2005 20:58:30 PAGE 4   

0049 33                RLC     A
004A FE                MOV     R6,A
004B 7400        R     MOV     A,#LOW fcstbl
004D 2F                ADD     A,R7
004E F582              MOV     DPL,A
0050 7400        R     MOV     A,#HIGH fcstbl
0052 3E                ADDC    A,R6
0053 F583              MOV     DPH,A
0055 EB                MOV     A,R3
0056 FE                MOV     R6,A
0057 E0                MOVX    A,@DPTR
0058 6E                XRL     A,R6
0059 FF                MOV     R7,A
005A A3                INC     DPTR
005B E0                MOVX    A,@DPTR
005C 900000      R     MOV     DPTR,#crc
005F CF                XCH     A,R7
0060 F0                MOVX    @DPTR,A
0061 A3                INC     DPTR
0062 EF                MOV     A,R7
0063 F0                MOVX    @DPTR,A
                                           ; SOURCE LINE # 43
0064 80B0              SJMP    ?C0001
0066         ?C0002:
                                           ; SOURCE LINE # 44
0066 900000      R     MOV     DPTR,#crc
0069 E0                MOVX    A,@DPTR
006A FE                MOV     R6,A
006B A3                INC     DPTR
006C E0                MOVX    A,@DPTR
006D FF                MOV     R7,A
                                           ; SOURCE LINE # 45
006E         ?C0003:
006E 22                RET     
             ; FUNCTION _calc_crc (END)

             ; FUNCTION _check_crc (BEGIN)
                                           ; SOURCE LINE # 49
0000 900000      R     MOV     DPTR,#buf
0003 EB                MOV     A,R3
0004 F0                MOVX    @DPTR,A
0005 A3                INC     DPTR
0006 EA                MOV     A,R2
0007 F0                MOVX    @DPTR,A
0008 A3                INC     DPTR
0009 E9                MOV     A,R1
000A F0                MOVX    @DPTR,A
000B A3                INC     DPTR
000C EC                MOV     A,R4
000D F0                MOVX    @DPTR,A
000E A3                INC     DPTR
000F ED                MOV     A,R5
0010 F0                MOVX    @DPTR,A
                                           ; SOURCE LINE # 50
                                           ; SOURCE LINE # 51
0011 E4                CLR     A
0012 A3                INC     DPTR
0013 F0                MOVX    @DPTR,A
0014 A3                INC     DPTR
0015 F0                MOVX    @DPTR,A
0016         ?C0004:
                                           ; SOURCE LINE # 52
C51 COMPILER V6.14  CRC                                                                    11/26/2005 20:58:30 PAGE 5   

0016 900000      R     MOV     DPTR,#len
0019 74FF              MOV     A,#0FFH
001B F5F0              MOV     B,A
001D 120000      E     LCALL   ?C?ILDIX
0020 45F0              ORL     A,B
0022 6042              JZ      ?C0005
0024 900000      R     MOV     DPTR,#buf
0027 E0                MOVX    A,@DPTR
0028 FB                MOV     R3,A
0029 A3                INC     DPTR
002A E4                CLR     A
002B 75F001            MOV     B,#01H
002E 120000      E     LCALL   ?C?ILDIX
0031 A9F0              MOV     R1,B
0033 FA                MOV     R2,A
0034 120000      E     LCALL   ?C?CLDPTR
0037 FD                MOV     R5,A
0038 900000      R     MOV     DPTR,#crc
003B E0                MOVX    A,@DPTR
003C FA                MOV     R2,A
003D A3                INC     DPTR
003E E0                MOVX    A,@DPTR
003F FB                MOV     R3,A
0040 EA                MOV     A,R2
0041 FF                MOV     R7,A
0042 E4                CLR     A
0043 EF                MOV     A,R7
0044 6D                XRL     A,R5
0045 25E0              ADD     A,ACC
0047 FF                MOV     R7,A
0048 E4                CLR     A
0049 33                RLC     A
004A FE                MOV     R6,A
004B 7400        R     MOV     A,#LOW fcstbl
004D 2F                ADD     A,R7
004E F582              MOV     DPL,A
0050 7400        R     MOV     A,#HIGH fcstbl
0052 3E                ADDC    A,R6
0053 F583              MOV     DPH,A
0055 EB                MOV     A,R3
0056 FE                MOV     R6,A
0057 E0                MOVX    A,@DPTR
0058 6E                XRL     A,R6
0059 FF                MOV     R7,A
005A A3                INC     DPTR
005B E0                MOVX    A,@DPTR
005C 900000      R     MOV     DPTR,#crc
005F CF                XCH     A,R7
0060 F0                MOVX    @DPTR,A
0061 A3                INC     DPTR
0062 EF                MOV     A,R7
0063 F0                MOVX    @DPTR,A
0064 80B0              SJMP    ?C0004
0066         ?C0005:
                                           ; SOURCE LINE # 53
0066 900000      R     MOV     DPTR,#crc
0069 E0                MOVX    A,@DPTR
006A 7002              JNZ     ?C0009
006C A3                INC     DPTR
006D E0                MOVX    A,@DPTR
006E         ?C0009:
006E 7005              JNZ     ?C0006
C51 COMPILER V6.14  CRC                                                                    11/26/2005 20:58:30 PAGE 6   

0070 FE                MOV     R6,A
0071 7F01              MOV     R7,#01H
0073 8004              SJMP    ?C0007
0075         ?C0006:
0075 7E00              MOV     R6,#00H
0077 7F00              MOV     R7,#00H
0079         ?C0007:
                                           ; SOURCE LINE # 54
0079         ?C0008:
0079 22                RET     
             ; FUNCTION _check_crc (END)

C51 COMPILER V6.14  CRC                                                                    11/26/2005 20:58:30 PAGE 7   

NAME                                    CLASS   MSPACE  TYPE    OFFSET  SIZE
====                                    =====   ======  ====    ======  ====


fcstbl . . . . . . . . . . . . . . . .  PUBLIC   XDATA  ARRAY    0000H  512
_calc_crc. . . . . . . . . . . . . . .  PUBLIC   CODE   PROC     0000H  -----
  buf. . . . . . . . . . . . . . . . .  AUTO     XDATA  PTR      0000H  3
  len. . . . . . . . . . . . . . . . .  AUTO     XDATA  INT      0003H  2
  crc. . . . . . . . . . . . . . . . .  AUTO     XDATA  U_INT    0005H  2
_check_crc . . . . . . . . . . . . . .  PUBLIC   CODE   PROC     0000H  -----
  buf. . . . . . . . . . . . . . . . .  AUTO     XDATA  PTR      0000H  3
  len. . . . . . . . . . . . . . . . .  AUTO     XDATA  INT      0003H  2
  crc. . . . . . . . . . . . . . . . .  AUTO     XDATA  U_INT    0005H  2


MODULE INFORMATION:   STATIC OVERLAYABLE
   CODE SIZE        =    233    ----
   CONSTANT SIZE    =   ----    ----
   XDATA SIZE       =    512      14
   PDATA SIZE       =   ----    ----
   DATA SIZE        =   ----    ----
   IDATA SIZE       =   ----    ----
   BIT SIZE         =   ----    ----
END OF MODULE INFORMATION.


C51 COMPILATION COMPLETE.  0 WARNING(S),  0 ERROR(S)
