C51 COMPILER V6.14  LED                                                                    11/26/2005 20:58:31 PAGE 1   


C51 COMPILER V6.14, COMPILATION OF MODULE LED
OBJECT MODULE PLACED IN .\LED.OBJ
COMPILER INVOKED BY: C:\Keil\C51\BIN\C51.EXE .\LED.C LARGE DEBUG OBJECTEXTEND CODE LISTINCLUDE SYMBOLS

stmt level    source

   1          #include "regc515c.h"
   1      =1  
   2      =1  /* (c) Copyright SIEMENS 1996 , All rights reserved. */
   3      =1  /*  Register Declarations for the C515C Processor    */
   4      =1  
   5      =1  /**********************/
   6      =1  /*  BYTE Register     */
   7      =1  sfr   P0     = 0x80;
   8      =1  sfr   SP     = 0x81;
   9      =1  sfr   DPL    = 0x82;
  10      =1  sfr   DPH    = 0x83;
  11      =1  sfr   WDTREL = 0x86;
  12      =1  sfr   PCON   = 0x87;
  13      =1  sfr   TCON   = 0x88;
  14      =1  sfr   TMOD   = 0x89;
  15      =1  sfr   TL0    = 0x8A;
  16      =1  sfr   TL1    = 0x8B;
  17      =1  sfr   TH0    = 0x8C;
  18      =1  sfr   TH1    = 0x8D;
  19      =1  
  20      =1  sfr   P1     = 0x90;
  21      =1  sfr   XPAGE  = 0x91;
  22      =1  sfr   DPSEL  = 0x92;
  23      =1  sfr   SSCCON = 0x93;
  24      =1  sfr   STB    = 0x94;
  25      =1  sfr   SRB    = 0x95;
  26      =1  sfr   SSCMOD = 0x96;
  27      =1  sfr   SCON   = 0x98;
  28      =1  sfr   SBUF   = 0x99;
  29      =1  sfr   IEN2   = 0x9A;
  30      =1  
  31      =1  sfr   P2     = 0xA0;
  32      =1  sfr   IEN0   = 0xA8;
  33      =1  sfr   IP0    = 0xA9;
  34      =1  sfr   SRELL  = 0xAA;
  35      =1  sfr   SCF    = 0xAB;
  36      =1  sfr   SCIEN  = 0xAC;
  37      =1  
  38      =1  sfr   P3     = 0xB0;
  39      =1  sfr   SYSCON = 0xB1;
  40      =1  sfr   IEN1   = 0xB8;
  41      =1  sfr   IP1    = 0xB9;
  42      =1  sfr   SRELH  = 0xBA;
  43      =1  
  44      =1  sfr   IRCON  = 0xC0;
  45      =1  sfr   CCEN   = 0xC1;
  46      =1  sfr   CCL1   = 0xC2;
  47      =1  sfr   CCH1   = 0xC3;
  48      =1  sfr   CCL2   = 0xC4;
  49      =1  sfr   CCH2   = 0xC5;
  50      =1  sfr   CCL3   = 0xC6;
  51      =1  sfr   CCH3   = 0xC7;
  52      =1  sfr   T2CON  = 0xC8;
  53      =1  sfr   CRCL   = 0xCA;
  54      =1  sfr   CRCH   = 0xCB;
C51 COMPILER V6.14  LED                                                                    11/26/2005 20:58:31 PAGE 2   

  55      =1  sfr   TL2    = 0xCC;
  56      =1  sfr   TH2    = 0xCD;
  57      =1                 
  58      =1  sfr   PSW    = 0xD0;
  59      =1  sfr   ADCON0 = 0xD8;
  60      =1  sfr   ADDATH = 0xD9;
  61      =1  sfr   ADDATL = 0xDA;
  62      =1  sfr   P6     = 0xDB;
  63      =1  sfr   ADCON1 = 0xDC;
  64      =1  sfr   P7     = 0xDD;
  65      =1  sfr   CCPL   = 0xDE;
  66      =1  sfr   CCPH   = 0xDF;
  67      =1  
  68      =1  sfr   ACC    = 0xE0;
  69      =1  sfr   P4     = 0xE8;
  70      =1  
  71      =1  sfr   B      = 0xF0;
  72      =1  sfr   P5     = 0xF8;
  73      =1  sfr   DIR5   = 0xF8;
  74      =1  
  75      =1  /*********************/
  76      =1  /* BIT Register      */
  77      =1  
  78      =1  /* TCON */
  79      =1  sbit  TF1    = 0x8F;
  80      =1  sbit  TR1    = 0x8E;
  81      =1  sbit  TF0    = 0x8D;
  82      =1  sbit  TR0    = 0x8C;
  83      =1  sbit  IE1    = 0x8B;
  84      =1  sbit  IT1    = 0x8A;
  85      =1  sbit  IE0    = 0x89;
  86      =1  sbit  IT0    = 0x88;
  87      =1  /* SCON */
  88      =1  sbit  SM0    = 0x9F;
  89      =1  sbit  SM1    = 0x9E;
  90      =1  sbit  SM2    = 0x9D;
  91      =1  sbit  REN    = 0x9C;
  92      =1  sbit  TB8    = 0x9B;
  93      =1  sbit  RB8    = 0x9A;
  94      =1  sbit  TI     = 0x99;
  95      =1  sbit  RI     = 0x98;
  96      =1  /* IEN0 */
  97      =1  sbit  EAL    = 0xAF;
  98      =1  sbit  WDT    = 0xAE;
  99      =1  sbit  ET2    = 0xAD;
 100      =1  sbit  ES     = 0xAC;
 101      =1  sbit  ET1    = 0xAB;
 102      =1  sbit  EX1    = 0xAA;
 103      =1  sbit  ET0    = 0xA9;
 104      =1  sbit  EX0    = 0xA8;
 105      =1  /* IEN1 */
 106      =1  sbit  EXEN2  = 0xBF;
 107      =1  sbit  SWDT   = 0xBE;
 108      =1  sbit  EX6M   = 0xBD;
 109      =1  sbit  EX5    = 0xBC;
 110      =1  sbit  EX4    = 0xBB;
 111      =1  sbit  EX3    = 0xBA;
 112      =1  sbit  EX2    = 0xB9;
 113      =1  sbit  EADC   = 0xB8;
 114      =1  /* IEN2 */
 115      =1  sbit  ECAN   = 0x9B;
 116      =1  sbit  ESSC   = 0x9C;
C51 COMPILER V6.14  LED                                                                    11/26/2005 20:58:31 PAGE 3   

 117      =1  sbit  EX7    = 0x9E;
 118      =1  sbit  EX8    = 0x9F;
 119      =1  /* P3 */
 120      =1  sbit  RD     = 0xB7;
 121      =1  sbit  WR     = 0xB6;
 122      =1  sbit  T1     = 0xB5;
 123      =1  sbit  T0     = 0xB4;
 124      =1  sbit  INT1   = 0xB3;
 125      =1  sbit  INT0   = 0xB2;
 126      =1  sbit  TXD    = 0xB1;
 127      =1  sbit  RXD    = 0xB0;
 128      =1  /* T2CON */
 129      =1  sbit  T2PS   = 0xCF;
 130      =1  sbit  I3FR   = 0xCE;
 131      =1  sbit  I2FR   = 0xCD;
 132      =1  sbit  T2R1   = 0xCC;
 133      =1  sbit  T2R0   = 0xCB;
 134      =1  sbit  T2CM   = 0xCA;
 135      =1  sbit  T2L1   = 0xC9;
 136      =1  sbit  T2I0   = 0xC8;
 137      =1  /* IRCON */
 138      =1  sbit  EXF2   = 0xC7;
 139      =1  sbit  TF2    = 0xC6;
 140      =1  sbit  IEX6   = 0xC5;
 141      =1  sbit  IEX5   = 0xC4;
 142      =1  sbit  IEX4   = 0xC3;
 143      =1  sbit  IEX3   = 0xC2;
 144      =1  sbit  IEX2   = 0xC1;
 145      =1  sbit  IADC   = 0xC0;
 146      =1  /* ADCON0 */
 147      =1  sbit  BD     = 0xDF;
 148      =1  sbit  CLK    = 0xDE;
 149      =1  sbit  ADEX   = 0xDD;
 150      =1  sbit  BSY    = 0xDC;
 151      =1  sbit  ADM    = 0xDB;
 152      =1  sbit  MX2    = 0xDA;
 153      =1  sbit  MX1    = 0xD9;
 154      =1  sbit  MX0    = 0xD8;
 155      =1  /* PSW */
 156      =1  sbit  CY     = 0xD7;
 157      =1  sbit  AC     = 0xD6;
 158      =1  sbit  F0     = 0xD5;
 159      =1  sbit  RS1    = 0xD4;
 160      =1  sbit  RS0    = 0xD3;
 161      =1  sbit  OV     = 0xD2;
 162      =1  sbit  F1     = 0xD1;
 163      =1  sbit  P      = 0xD0;
 164      =1  /*  P4    */
 165      =1  sbit  RXDC   = 0xEF;
 166      =1  sbit  TXDC   = 0xEE;
 167      =1  sbit  INT8   = 0xED;
 168      =1  sbit  SLS    = 0xEC;
 169      =1  sbit  STO    = 0xEB;
 170      =1  sbit  SRI    = 0xEA;
 171      =1  sbit  SCLK   = 0xE9;
 172      =1  sbit  ADST   = 0xE8;
 173      =1  
 174      =1  
   2          #include "LED.h" 
   1      =1  #define P4_0 ADST
   2      =1  #define P4_1 SCLK
   3      =1  #define P4_2 SRI
C51 COMPILER V6.14  LED                                                                    11/26/2005 20:58:31 PAGE 4   

   4      =1  #define P4_3 STO
   5      =1  #define P4_4 SLS
   6      =1  #define P4_5 INT8
   7      =1  #define P4_6 TXDC
   8      =1  #define P4_7 RXDC
   9      =1  
  10      =1  void Init_LED();
   3          
   4          // P4_6 = CAN TX, P4_7 = CAN RX
   5          void Init_LED()
   6          {
   7   1      	P4_0 = 1;
   8   1      	P4_1 = 1;
   9   1      	P4_2 = 1;
  10   1      	P4_3 = 1;
  11   1      	P4_4 = 1;
  12   1      	P4_5 = 1;
  13   1      }
  14          
C51 COMPILER V6.14  LED                                                                    11/26/2005 20:58:31 PAGE 5   

ASSEMBLY LISTING OF GENERATED OBJECT CODE


             ; FUNCTION Init_LED (BEGIN)
                                           ; SOURCE LINE # 5
                                           ; SOURCE LINE # 6
                                           ; SOURCE LINE # 7
0000 D2E8              SETB    ADST
                                           ; SOURCE LINE # 8
0002 D2E9              SETB    SCLK
                                           ; SOURCE LINE # 9
0004 D2EA              SETB    SRI
                                           ; SOURCE LINE # 10
0006 D2EB              SETB    STO
                                           ; SOURCE LINE # 11
0008 D2EC              SETB    SLS
                                           ; SOURCE LINE # 12
000A D2ED              SETB    INT8
                                           ; SOURCE LINE # 13
000C 22                RET     
             ; FUNCTION Init_LED (END)

C51 COMPILER V6.14  LED                                                                    11/26/2005 20:58:31 PAGE 6   

NAME                                    CLASS   MSPACE  TYPE    OFFSET  SIZE
====                                    =====   ======  ====    ======  ====


T2I0 . . . . . . . . . . . . . . . . .  ABSBIT   -----  BIT      00C8H  1
AC . . . . . . . . . . . . . . . . . .  ABSBIT   -----  BIT      00D6H  1
T2L1 . . . . . . . . . . . . . . . . .  ABSBIT   -----  BIT      00C9H  1
T0 . . . . . . . . . . . . . . . . . .  ABSBIT   -----  BIT      00B4H  1
T1 . . . . . . . . . . . . . . . . . .  ABSBIT   -----  BIT      00B5H  1
BD . . . . . . . . . . . . . . . . . .  ABSBIT   -----  BIT      00DFH  1
T2R0 . . . . . . . . . . . . . . . . .  ABSBIT   -----  BIT      00CBH  1
T2R1 . . . . . . . . . . . . . . . . .  ABSBIT   -----  BIT      00CCH  1
EADC . . . . . . . . . . . . . . . . .  ABSBIT   -----  BIT      00B8H  1
IADC . . . . . . . . . . . . . . . . .  ABSBIT   -----  BIT      00C0H  1
I2FR . . . . . . . . . . . . . . . . .  ABSBIT   -----  BIT      00CDH  1
I3FR . . . . . . . . . . . . . . . . .  ABSBIT   -----  BIT      00CEH  1
EXF2 . . . . . . . . . . . . . . . . .  ABSBIT   -----  BIT      00C7H  1
RD . . . . . . . . . . . . . . . . . .  ABSBIT   -----  BIT      00B7H  1
T2CM . . . . . . . . . . . . . . . . .  ABSBIT   -----  BIT      00CAH  1
ECAN . . . . . . . . . . . . . . . . .  ABSBIT   -----  BIT      009BH  1
ES . . . . . . . . . . . . . . . . . .  ABSBIT   -----  BIT      00ACH  1
IEX2 . . . . . . . . . . . . . . . . .  ABSBIT   -----  BIT      00C1H  1
IEX3 . . . . . . . . . . . . . . . . .  ABSBIT   -----  BIT      00C2H  1
IEX4 . . . . . . . . . . . . . . . . .  ABSBIT   -----  BIT      00C3H  1
RI . . . . . . . . . . . . . . . . . .  ABSBIT   -----  BIT      0098H  1
CY . . . . . . . . . . . . . . . . . .  ABSBIT   -----  BIT      00D7H  1
IEX5 . . . . . . . . . . . . . . . . .  ABSBIT   -----  BIT      00C4H  1
INT0 . . . . . . . . . . . . . . . . .  ABSBIT   -----  BIT      00B2H  1
IEX6 . . . . . . . . . . . . . . . . .  ABSBIT   -----  BIT      00C5H  1
INT1 . . . . . . . . . . . . . . . . .  ABSBIT   -----  BIT      00B3H  1
TI . . . . . . . . . . . . . . . . . .  ABSBIT   -----  BIT      0099H  1
EX6M . . . . . . . . . . . . . . . . .  ABSBIT   -----  BIT      00BDH  1
ADEX . . . . . . . . . . . . . . . . .  ABSBIT   -----  BIT      00DDH  1
INT8 . . . . . . . . . . . . . . . . .  ABSBIT   -----  BIT      00EDH  1
OV . . . . . . . . . . . . . . . . . .  ABSBIT   -----  BIT      00D2H  1
WR . . . . . . . . . . . . . . . . . .  ABSBIT   -----  BIT      00B6H  1
T2PS . . . . . . . . . . . . . . . . .  ABSBIT   -----  BIT      00CFH  1
ADST . . . . . . . . . . . . . . . . .  ABSBIT   -----  BIT      00E8H  1
SCLK . . . . . . . . . . . . . . . . .  ABSBIT   -----  BIT      00E9H  1
ESSC . . . . . . . . . . . . . . . . .  ABSBIT   -----  BIT      009CH  1
RXDC . . . . . . . . . . . . . . . . .  ABSBIT   -----  BIT      00EFH  1
TXDC . . . . . . . . . . . . . . . . .  ABSBIT   -----  BIT      00EEH  1
IE0. . . . . . . . . . . . . . . . . .  ABSBIT   -----  BIT      0089H  1
IE1. . . . . . . . . . . . . . . . . .  ABSBIT   -----  BIT      008BH  1
SWDT . . . . . . . . . . . . . . . . .  ABSBIT   -----  BIT      00BEH  1
ET0. . . . . . . . . . . . . . . . . .  ABSBIT   -----  BIT      00A9H  1
ET1. . . . . . . . . . . . . . . . . .  ABSBIT   -----  BIT      00ABH  1
TF0. . . . . . . . . . . . . . . . . .  ABSBIT   -----  BIT      008DH  1
ET2. . . . . . . . . . . . . . . . . .  ABSBIT   -----  BIT      00ADH  1
TF1. . . . . . . . . . . . . . . . . .  ABSBIT   -----  BIT      008FH  1
Init_LED . . . . . . . . . . . . . . .  PUBLIC   CODE   PROC     0000H  -----
TF2. . . . . . . . . . . . . . . . . .  ABSBIT   -----  BIT      00C6H  1
RB8. . . . . . . . . . . . . . . . . .  ABSBIT   -----  BIT      009AH  1
EX0. . . . . . . . . . . . . . . . . .  ABSBIT   -----  BIT      00A8H  1
IT0. . . . . . . . . . . . . . . . . .  ABSBIT   -----  BIT      0088H  1
EX1. . . . . . . . . . . . . . . . . .  ABSBIT   -----  BIT      00AAH  1
TB8. . . . . . . . . . . . . . . . . .  ABSBIT   -----  BIT      009BH  1
IT1. . . . . . . . . . . . . . . . . .  ABSBIT   -----  BIT      008AH  1
P. . . . . . . . . . . . . . . . . . .  ABSBIT   -----  BIT      00D0H  1
EX2. . . . . . . . . . . . . . . . . .  ABSBIT   -----  BIT      00B9H  1
EX3. . . . . . . . . . . . . . . . . .  ABSBIT   -----  BIT      00BAH  1
C51 COMPILER V6.14  LED                                                                    11/26/2005 20:58:31 PAGE 7   

NAME                                    CLASS   MSPACE  TYPE    OFFSET  SIZE
====                                    =====   ======  ====    ======  ====


SM0. . . . . . . . . . . . . . . . . .  ABSBIT   -----  BIT      009FH  1
EX4. . . . . . . . . . . . . . . . . .  ABSBIT   -----  BIT      00BBH  1
SM1. . . . . . . . . . . . . . . . . .  ABSBIT   -----  BIT      009EH  1
ADM. . . . . . . . . . . . . . . . . .  ABSBIT   -----  BIT      00DBH  1
EX5. . . . . . . . . . . . . . . . . .  ABSBIT   -----  BIT      00BCH  1
EAL. . . . . . . . . . . . . . . . . .  ABSBIT   -----  BIT      00AFH  1
SM2. . . . . . . . . . . . . . . . . .  ABSBIT   -----  BIT      009DH  1
EX7. . . . . . . . . . . . . . . . . .  ABSBIT   -----  BIT      009EH  1
RS0. . . . . . . . . . . . . . . . . .  ABSBIT   -----  BIT      00D3H  1
MX0. . . . . . . . . . . . . . . . . .  ABSBIT   -----  BIT      00D8H  1
EX8. . . . . . . . . . . . . . . . . .  ABSBIT   -----  BIT      009FH  1
RS1. . . . . . . . . . . . . . . . . .  ABSBIT   -----  BIT      00D4H  1
MX1. . . . . . . . . . . . . . . . . .  ABSBIT   -----  BIT      00D9H  1
TR0. . . . . . . . . . . . . . . . . .  ABSBIT   -----  BIT      008CH  1
MX2. . . . . . . . . . . . . . . . . .  ABSBIT   -----  BIT      00DAH  1
TR1. . . . . . . . . . . . . . . . . .  ABSBIT   -----  BIT      008EH  1
CLK. . . . . . . . . . . . . . . . . .  ABSBIT   -----  BIT      00DEH  1
EXEN2. . . . . . . . . . . . . . . . .  ABSBIT   -----  BIT      00BFH  1
REN. . . . . . . . . . . . . . . . . .  ABSBIT   -----  BIT      009CH  1
SRI. . . . . . . . . . . . . . . . . .  ABSBIT   -----  BIT      00EAH  1
BSY. . . . . . . . . . . . . . . . . .  ABSBIT   -----  BIT      00DCH  1
RXD. . . . . . . . . . . . . . . . . .  ABSBIT   -----  BIT      00B0H  1
WDT. . . . . . . . . . . . . . . . . .  ABSBIT   -----  BIT      00AEH  1
TXD. . . . . . . . . . . . . . . . . .  ABSBIT   -----  BIT      00B1H  1
SLS. . . . . . . . . . . . . . . . . .  ABSBIT   -----  BIT      00ECH  1
F0 . . . . . . . . . . . . . . . . . .  ABSBIT   -----  BIT      00D5H  1
STO. . . . . . . . . . . . . . . . . .  ABSBIT   -----  BIT      00EBH  1
F1 . . . . . . . . . . . . . . . . . .  ABSBIT   -----  BIT      00D1H  1


MODULE INFORMATION:   STATIC OVERLAYABLE
   CODE SIZE        =     13    ----
   CONSTANT SIZE    =   ----    ----
   XDATA SIZE       =   ----    ----
   PDATA SIZE       =   ----    ----
   DATA SIZE        =   ----    ----
   IDATA SIZE       =   ----    ----
   BIT SIZE         =   ----    ----
END OF MODULE INFORMATION.


C51 COMPILATION COMPLETE.  0 WARNING(S),  0 ERROR(S)
