C51 COMPILER V6.14  SLIP                                                                   11/26/2005 20:58:31 PAGE 1   


C51 COMPILER V6.14, COMPILATION OF MODULE SLIP
OBJECT MODULE PLACED IN .\SLIP.OBJ
COMPILER INVOKED BY: C:\Keil\C51\BIN\C51.EXE .\SLIP.C LARGE DEBUG OBJECTEXTEND CODE LISTINCLUDE SYMBOLS

stmt level    source

   1          #include "slip.h"
   1      =1  int SLIP_Encode_Frame(unsigned char *in, int len, unsigned char *out);
   2      =1  int SLIP_Decode_Frame(unsigned char c, unsigned char *outbuf);
   2          #include "crc.h"
   1      =1  unsigned short calc_crc(unsigned char *buf, int len);
   2      =1  int check_crc(unsigned char *buf, int len);
   3          
   4          #define FEND		0xC0
   5          #define FESC		0xDB
   6          #define TFEND		0xDC
   7          #define TFESC		0xDD
   8          
   9          #define START_FLAG		0x0
  10          #define DECODE_FLAG		0x1
  11          
  12          #define MAX_SLIP_LENGTH		256
  13          
  14          static int fescflag = 0;	/* received FESC flag */
  15          static int state = START_FLAG;
  16          static int rxlen;
  17          static unsigned char *rxPtr;
  18          
  19          int SLIP_Encode_Frame(unsigned char *in, int len, unsigned char *out)
  20          {
  21   1      	int size = 0;
  22   1      	int i;
  23   1      	unsigned short crc;
  24   1      	unsigned char trans_crc; 
  25   1      	
  26   1      	
  27   1      	crc = calc_crc(in, len);
  28   1      
  29   1      	*out++ = FEND;
  30   1      	size = 1;
  31   1      
  32   1      	for (i=0;i<len;i++)
  33   1      	{
  34   2      		switch (*in)
  35   2      		{
  36   3      			case FEND:
  37   3      				*out++ = FESC;
  38   3      				*out++ = TFEND;
  39   3      				size++;
  40   3      				break;
  41   3      			case FESC :
  42   3      				*out++ = FESC;
  43   3      				*out++ = TFESC;
  44   3      				size++;
  45   3      				break;
  46   3      			default :
  47   3      				*out++ = *in;
  48   3      				break;
  49   3      		}
  50   2      		size++;
  51   2      		in++;
C51 COMPILER V6.14  SLIP                                                                   11/26/2005 20:58:31 PAGE 2   

  52   2      	}
  53   1      	
  54   1      	trans_crc = (unsigned char)(crc >> 8);
  55   1      	switch (trans_crc)
  56   1      	{
  57   2      		case FEND:
  58   2      			*out++ = FESC;
  59   2      			*out++ = TFEND;
  60   2      			size++;
  61   2      			break;
  62   2      		case FESC :
  63   2      			*out++ = FESC;
  64   2      			*out++ = TFESC;
  65   2      			size++;
  66   2      			break;
  67   2      		default :
  68   2      			*out++ = trans_crc;
  69   2      			break;
  70   2      	}
  71   1      
  72   1       	trans_crc = (unsigned char)(crc);
  73   1      	switch (trans_crc)
  74   1      	{
  75   2      		case FEND:
  76   2      			*out++ = FESC;
  77   2      			*out++ = TFEND;
  78   2      			size++;
  79   2      			break;
  80   2      		case FESC :
  81   2      			*out++ = FESC;
  82   2      			*out++ = TFESC;
  83   2      			size++;
  84   2      			break;
  85   2      		default :
  86   2      			*out++ = trans_crc;
  87   2      			break;
  88   2      	}
  89   1      
  90   1          *out++ = FEND;
  91   1      	return size+3;
  92   1      }
  93          
  94          int SLIP_Decode_Frame(unsigned char c, unsigned char *outbuf)
  95          {
  96   1      	int rtn_val;
  97   1      
  98   1      	if (fescflag)
  99   1      	{
 100   2      		fescflag = 0;
 101   2      		if (c==TFEND) c = FEND;
 102   2      		else if (c==TFESC) c = FESC;
 103   2      		else state = START_FLAG;
 104   2      	}
 105   1      	else if (c==FESC)
 106   1      	{
 107   2      		fescflag = 1;
 108   2      		return(0);
 109   2      	}
 110   1      	else if (c==FEND)  //C0
 111   1      	{
 112   2      		if (state==START_FLAG)
 113   2      		{
C51 COMPILER V6.14  SLIP                                                                   11/26/2005 20:58:31 PAGE 3   

 114   3      			rxPtr = outbuf;
 115   3      			rxlen = 0;
 116   3      			state = DECODE_FLAG;
 117   3      			return(0);
 118   3      		}
 119   2      		else
 120   2      		{
 121   3      			rtn_val = rxlen;
 122   3      			state = START_FLAG;
 123   3      			return rxlen;
 124   3      		}
 125   2      	}
 126   1      
 127   1      	if (state==DECODE_FLAG)
 128   1      	{
 129   2      		*rxPtr++ = c;
 130   2      		rxlen++;
 131   2      	}
 132   1      
 133   1      	return(0);
 134   1      }
 135          
C51 COMPILER V6.14  SLIP                                                                   11/26/2005 20:58:31 PAGE 4   

ASSEMBLY LISTING OF GENERATED OBJECT CODE


             ; FUNCTION _SLIP_Encode_Frame (BEGIN)
                                           ; SOURCE LINE # 19
0000 900000      R     MOV     DPTR,#in
0003 EB                MOV     A,R3
0004 F0                MOVX    @DPTR,A
0005 A3                INC     DPTR
0006 EA                MOV     A,R2
0007 F0                MOVX    @DPTR,A
0008 A3                INC     DPTR
0009 E9                MOV     A,R1
000A F0                MOVX    @DPTR,A
000B A3                INC     DPTR
000C EC                MOV     A,R4
000D F0                MOVX    @DPTR,A
000E A3                INC     DPTR
000F ED                MOV     A,R5
0010 F0                MOVX    @DPTR,A
                                           ; SOURCE LINE # 20
                                           ; SOURCE LINE # 21
0011 E4                CLR     A
0012 900000      R     MOV     DPTR,#size
0015 F0                MOVX    @DPTR,A
0016 A3                INC     DPTR
0017 F0                MOVX    @DPTR,A
                                           ; SOURCE LINE # 27
0018 120000      E     LCALL   _calc_crc
001B 900000      R     MOV     DPTR,#crc
001E EE                MOV     A,R6
001F F0                MOVX    @DPTR,A
0020 A3                INC     DPTR
0021 EF                MOV     A,R7
0022 F0                MOVX    @DPTR,A
                                           ; SOURCE LINE # 29
0023 900000      R     MOV     DPTR,#out
0026 E0                MOVX    A,@DPTR
0027 FB                MOV     R3,A
0028 A3                INC     DPTR
0029 E4                CLR     A
002A 75F001            MOV     B,#01H
002D 120000      E     LCALL   ?C?ILDIX
0030 A9F0              MOV     R1,B
0032 FA                MOV     R2,A
0033 74C0              MOV     A,#0C0H
0035 120000      E     LCALL   ?C?CSTPTR
                                           ; SOURCE LINE # 30
0038 900000      R     MOV     DPTR,#size
003B E4                CLR     A
003C F0                MOVX    @DPTR,A
003D A3                INC     DPTR
003E 04                INC     A
003F F0                MOVX    @DPTR,A
                                           ; SOURCE LINE # 32
0040 E4                CLR     A
0041 A3                INC     DPTR
0042 F0                MOVX    @DPTR,A
0043 A3                INC     DPTR
0044 F0                MOVX    @DPTR,A
0045         ?C0001:
0045 900000      R     MOV     DPTR,#len
C51 COMPILER V6.14  SLIP                                                                   11/26/2005 20:58:31 PAGE 5   

0048 E0                MOVX    A,@DPTR
0049 FE                MOV     R6,A
004A A3                INC     DPTR
004B E0                MOVX    A,@DPTR
004C FF                MOV     R7,A
004D C3                CLR     C
004E 900000      R     MOV     DPTR,#i+01H
0051 E0                MOVX    A,@DPTR
0052 9F                SUBB    A,R7
0053 EE                MOV     A,R6
0054 6480              XRL     A,#080H
0056 F8                MOV     R0,A
0057 900000      R     MOV     DPTR,#i
005A E0                MOVX    A,@DPTR
005B 6480              XRL     A,#080H
005D 98                SUBB    A,R0
005E 4003              JC      $ + 5H
0060 020000      R     LJMP    ?C0002
                                           ; SOURCE LINE # 33
                                           ; SOURCE LINE # 34
0063 900000      R     MOV     DPTR,#in
0066 E0                MOVX    A,@DPTR
0067 FB                MOV     R3,A
0068 A3                INC     DPTR
0069 E0                MOVX    A,@DPTR
006A FA                MOV     R2,A
006B A3                INC     DPTR
006C E0                MOVX    A,@DPTR
006D F9                MOV     R1,A
006E 120000      E     LCALL   ?C?CLDPTR
0071 FF                MOV     R7,A
0072 2425              ADD     A,#025H
0074 603E              JZ      ?C0006
0076 241B              ADD     A,#01BH
0078 7074              JNZ     ?C0007
                                           ; SOURCE LINE # 35
                                           ; SOURCE LINE # 36
007A         ?C0005:
                                           ; SOURCE LINE # 37
007A 900000      R     MOV     DPTR,#out
007D E0                MOVX    A,@DPTR
007E FB                MOV     R3,A
007F A3                INC     DPTR
0080 E4                CLR     A
0081 75F001            MOV     B,#01H
0084 120000      E     LCALL   ?C?ILDIX
0087 A9F0              MOV     R1,B
0089 FA                MOV     R2,A
008A 74DB              MOV     A,#0DBH
008C 120000      E     LCALL   ?C?CSTPTR
                                           ; SOURCE LINE # 38
008F 900000      R     MOV     DPTR,#out
0092 E0                MOVX    A,@DPTR
0093 FB                MOV     R3,A
0094 A3                INC     DPTR
0095 E4                CLR     A
0096 75F001            MOV     B,#01H
0099 120000      E     LCALL   ?C?ILDIX
009C A9F0              MOV     R1,B
009E FA                MOV     R2,A
009F 74DC              MOV     A,#0DCH
00A1 120000      E     LCALL   ?C?CSTPTR
C51 COMPILER V6.14  SLIP                                                                   11/26/2005 20:58:31 PAGE 6   

                                           ; SOURCE LINE # 39
00A4 900000      R     MOV     DPTR,#size+01H
00A7 E0                MOVX    A,@DPTR
00A8 04                INC     A
00A9 F0                MOVX    @DPTR,A
00AA 7056              JNZ     ?C0004
00AC 900000      R     MOV     DPTR,#size
00AF E0                MOVX    A,@DPTR
00B0 04                INC     A
00B1 F0                MOVX    @DPTR,A
00B2         ?C0030:
                                           ; SOURCE LINE # 40
00B2 804E              SJMP    ?C0004
                                           ; SOURCE LINE # 41
00B4         ?C0006:
                                           ; SOURCE LINE # 42
00B4 900000      R     MOV     DPTR,#out
00B7 E0                MOVX    A,@DPTR
00B8 FB                MOV     R3,A
00B9 A3                INC     DPTR
00BA E4                CLR     A
00BB 75F001            MOV     B,#01H
00BE 120000      E     LCALL   ?C?ILDIX
00C1 A9F0              MOV     R1,B
00C3 FA                MOV     R2,A
00C4 74DB              MOV     A,#0DBH
00C6 120000      E     LCALL   ?C?CSTPTR
                                           ; SOURCE LINE # 43
00C9 900000      R     MOV     DPTR,#out
00CC E0                MOVX    A,@DPTR
00CD FB                MOV     R3,A
00CE A3                INC     DPTR
00CF E4                CLR     A
00D0 75F001            MOV     B,#01H
00D3 120000      E     LCALL   ?C?ILDIX
00D6 A9F0              MOV     R1,B
00D8 FA                MOV     R2,A
00D9 74DD              MOV     A,#0DDH
00DB 120000      E     LCALL   ?C?CSTPTR
                                           ; SOURCE LINE # 44
00DE 900000      R     MOV     DPTR,#size+01H
00E1 E0                MOVX    A,@DPTR
00E2 04                INC     A
00E3 F0                MOVX    @DPTR,A
00E4 701C              JNZ     ?C0004
00E6 900000      R     MOV     DPTR,#size
00E9 E0                MOVX    A,@DPTR
00EA 04                INC     A
00EB F0                MOVX    @DPTR,A
00EC         ?C0031:
                                           ; SOURCE LINE # 45
00EC 8014              SJMP    ?C0004
                                           ; SOURCE LINE # 46
00EE         ?C0007:
                                           ; SOURCE LINE # 47
00EE 900000      R     MOV     DPTR,#out
00F1 E0                MOVX    A,@DPTR
00F2 FB                MOV     R3,A
00F3 A3                INC     DPTR
00F4 E4                CLR     A
00F5 75F001            MOV     B,#01H
00F8 120000      E     LCALL   ?C?ILDIX
C51 COMPILER V6.14  SLIP                                                                   11/26/2005 20:58:31 PAGE 7   

00FB A9F0              MOV     R1,B
00FD FA                MOV     R2,A
00FE EF                MOV     A,R7
00FF 120000      E     LCALL   ?C?CSTPTR
                                           ; SOURCE LINE # 48
                                           ; SOURCE LINE # 49
0102         ?C0004:
                                           ; SOURCE LINE # 50
0102 900000      R     MOV     DPTR,#size+01H
0105 E0                MOVX    A,@DPTR
0106 04                INC     A
0107 F0                MOVX    @DPTR,A
0108 7006              JNZ     ?C0032
010A 900000      R     MOV     DPTR,#size
010D E0                MOVX    A,@DPTR
010E 04                INC     A
010F F0                MOVX    @DPTR,A
0110         ?C0032:
                                           ; SOURCE LINE # 51
0110 900000      R     MOV     DPTR,#in+01H
0113 E4                CLR     A
0114 75F001            MOV     B,#01H
0117 120000      E     LCALL   ?C?IILDX
                                           ; SOURCE LINE # 52
011A 900000      R     MOV     DPTR,#i+01H
011D E0                MOVX    A,@DPTR
011E 04                INC     A
011F F0                MOVX    @DPTR,A
0120 7006              JNZ     ?C0033
0122 900000      R     MOV     DPTR,#i
0125 E0                MOVX    A,@DPTR
0126 04                INC     A
0127 F0                MOVX    @DPTR,A
0128         ?C0033:
0128 020000      R     LJMP    ?C0001
012B         ?C0002:
                                           ; SOURCE LINE # 54
012B 900000      R     MOV     DPTR,#crc
012E E0                MOVX    A,@DPTR
012F FF                MOV     R7,A
;---- Variable 'trans_crc' assigned to Register 'R7' ----
                                           ; SOURCE LINE # 55
0130 2425              ADD     A,#025H
0132 603E              JZ      ?C0010
0134 241B              ADD     A,#01BH
0136 7074              JNZ     ?C0011
                                           ; SOURCE LINE # 56
                                           ; SOURCE LINE # 57
0138         ?C0009:
                                           ; SOURCE LINE # 58
0138 900000      R     MOV     DPTR,#out
013B E0                MOVX    A,@DPTR
013C FB                MOV     R3,A
013D A3                INC     DPTR
013E E4                CLR     A
013F 75F001            MOV     B,#01H
0142 120000      E     LCALL   ?C?ILDIX
0145 A9F0              MOV     R1,B
0147 FA                MOV     R2,A
0148 74DB              MOV     A,#0DBH
014A 120000      E     LCALL   ?C?CSTPTR
                                           ; SOURCE LINE # 59
C51 COMPILER V6.14  SLIP                                                                   11/26/2005 20:58:31 PAGE 8   

014D 900000      R     MOV     DPTR,#out
0150 E0                MOVX    A,@DPTR
0151 FB                MOV     R3,A
0152 A3                INC     DPTR
0153 E4                CLR     A
0154 75F001            MOV     B,#01H
0157 120000      E     LCALL   ?C?ILDIX
015A A9F0              MOV     R1,B
015C FA                MOV     R2,A
015D 74DC              MOV     A,#0DCH
015F 120000      E     LCALL   ?C?CSTPTR
                                           ; SOURCE LINE # 60
0162 900000      R     MOV     DPTR,#size+01H
0165 E0                MOVX    A,@DPTR
0166 04                INC     A
0167 F0                MOVX    @DPTR,A
0168 7056              JNZ     ?C0008
016A 900000      R     MOV     DPTR,#size
016D E0                MOVX    A,@DPTR
016E 04                INC     A
016F F0                MOVX    @DPTR,A
0170         ?C0034:
                                           ; SOURCE LINE # 61
0170 804E              SJMP    ?C0008
                                           ; SOURCE LINE # 62
0172         ?C0010:
                                           ; SOURCE LINE # 63
0172 900000      R     MOV     DPTR,#out
0175 E0                MOVX    A,@DPTR
0176 FB                MOV     R3,A
0177 A3                INC     DPTR
0178 E4                CLR     A
0179 75F001            MOV     B,#01H
017C 120000      E     LCALL   ?C?ILDIX
017F A9F0              MOV     R1,B
0181 FA                MOV     R2,A
0182 74DB              MOV     A,#0DBH
0184 120000      E     LCALL   ?C?CSTPTR
                                           ; SOURCE LINE # 64
0187 900000      R     MOV     DPTR,#out
018A E0                MOVX    A,@DPTR
018B FB                MOV     R3,A
018C A3                INC     DPTR
018D E4                CLR     A
018E 75F001            MOV     B,#01H
0191 120000      E     LCALL   ?C?ILDIX
0194 A9F0              MOV     R1,B
0196 FA                MOV     R2,A
0197 74DD              MOV     A,#0DDH
0199 120000      E     LCALL   ?C?CSTPTR
                                           ; SOURCE LINE # 65
019C 900000      R     MOV     DPTR,#size+01H
019F E0                MOVX    A,@DPTR
01A0 04                INC     A
01A1 F0                MOVX    @DPTR,A
01A2 701C              JNZ     ?C0008
01A4 900000      R     MOV     DPTR,#size
01A7 E0                MOVX    A,@DPTR
01A8 04                INC     A
01A9 F0                MOVX    @DPTR,A
01AA         ?C0035:
                                           ; SOURCE LINE # 66
C51 COMPILER V6.14  SLIP                                                                   11/26/2005 20:58:31 PAGE 9   

01AA 8014              SJMP    ?C0008
                                           ; SOURCE LINE # 67
01AC         ?C0011:
                                           ; SOURCE LINE # 68
01AC 900000      R     MOV     DPTR,#out
01AF E0                MOVX    A,@DPTR
01B0 FB                MOV     R3,A
01B1 A3                INC     DPTR
01B2 E4                CLR     A
01B3 75F001            MOV     B,#01H
01B6 120000      E     LCALL   ?C?ILDIX
01B9 A9F0              MOV     R1,B
01BB FA                MOV     R2,A
01BC EF                MOV     A,R7
01BD 120000      E     LCALL   ?C?CSTPTR
                                           ; SOURCE LINE # 69
                                           ; SOURCE LINE # 70
01C0         ?C0008:
                                           ; SOURCE LINE # 72
01C0 900000      R     MOV     DPTR,#crc+01H
01C3 E0                MOVX    A,@DPTR
01C4 FF                MOV     R7,A
                                           ; SOURCE LINE # 73
01C5 2425              ADD     A,#025H
01C7 603E              JZ      ?C0014
01C9 241B              ADD     A,#01BH
01CB 7074              JNZ     ?C0015
                                           ; SOURCE LINE # 74
                                           ; SOURCE LINE # 75
01CD         ?C0013:
                                           ; SOURCE LINE # 76
01CD 900000      R     MOV     DPTR,#out
01D0 E0                MOVX    A,@DPTR
01D1 FB                MOV     R3,A
01D2 A3                INC     DPTR
01D3 E4                CLR     A
01D4 75F001            MOV     B,#01H
01D7 120000      E     LCALL   ?C?ILDIX
01DA A9F0              MOV     R1,B
01DC FA                MOV     R2,A
01DD 74DB              MOV     A,#0DBH
01DF 120000      E     LCALL   ?C?CSTPTR
                                           ; SOURCE LINE # 77
01E2 900000      R     MOV     DPTR,#out
01E5 E0                MOVX    A,@DPTR
01E6 FB                MOV     R3,A
01E7 A3                INC     DPTR
01E8 E4                CLR     A
01E9 75F001            MOV     B,#01H
01EC 120000      E     LCALL   ?C?ILDIX
01EF A9F0              MOV     R1,B
01F1 FA                MOV     R2,A
01F2 74DC              MOV     A,#0DCH
01F4 120000      E     LCALL   ?C?CSTPTR
                                           ; SOURCE LINE # 78
01F7 900000      R     MOV     DPTR,#size+01H
01FA E0                MOVX    A,@DPTR
01FB 04                INC     A
01FC F0                MOVX    @DPTR,A
01FD 7056              JNZ     ?C0012
01FF 900000      R     MOV     DPTR,#size
0202 E0                MOVX    A,@DPTR
C51 COMPILER V6.14  SLIP                                                                   11/26/2005 20:58:31 PAGE 10  

0203 04                INC     A
0204 F0                MOVX    @DPTR,A
0205         ?C0036:
                                           ; SOURCE LINE # 79
0205 804E              SJMP    ?C0012
                                           ; SOURCE LINE # 80
0207         ?C0014:
                                           ; SOURCE LINE # 81
0207 900000      R     MOV     DPTR,#out
020A E0                MOVX    A,@DPTR
020B FB                MOV     R3,A
020C A3                INC     DPTR
020D E4                CLR     A
020E 75F001            MOV     B,#01H
0211 120000      E     LCALL   ?C?ILDIX
0214 A9F0              MOV     R1,B
0216 FA                MOV     R2,A
0217 74DB              MOV     A,#0DBH
0219 120000      E     LCALL   ?C?CSTPTR
                                           ; SOURCE LINE # 82
021C 900000      R     MOV     DPTR,#out
021F E0                MOVX    A,@DPTR
0220 FB                MOV     R3,A
0221 A3                INC     DPTR
0222 E4                CLR     A
0223 75F001            MOV     B,#01H
0226 120000      E     LCALL   ?C?ILDIX
0229 A9F0              MOV     R1,B
022B FA                MOV     R2,A
022C 74DD              MOV     A,#0DDH
022E 120000      E     LCALL   ?C?CSTPTR
                                           ; SOURCE LINE # 83
0231 900000      R     MOV     DPTR,#size+01H
0234 E0                MOVX    A,@DPTR
0235 04                INC     A
0236 F0                MOVX    @DPTR,A
0237 701C              JNZ     ?C0012
0239 900000      R     MOV     DPTR,#size
023C E0                MOVX    A,@DPTR
023D 04                INC     A
023E F0                MOVX    @DPTR,A
023F         ?C0037:
                                           ; SOURCE LINE # 84
023F 8014              SJMP    ?C0012
                                           ; SOURCE LINE # 85
0241         ?C0015:
                                           ; SOURCE LINE # 86
0241 900000      R     MOV     DPTR,#out
0244 E0                MOVX    A,@DPTR
0245 FB                MOV     R3,A
0246 A3                INC     DPTR
0247 E4                CLR     A
0248 75F001            MOV     B,#01H
024B 120000      E     LCALL   ?C?ILDIX
024E A9F0              MOV     R1,B
0250 FA                MOV     R2,A
0251 EF                MOV     A,R7
0252 120000      E     LCALL   ?C?CSTPTR
                                           ; SOURCE LINE # 87
                                           ; SOURCE LINE # 88
0255         ?C0012:
                                           ; SOURCE LINE # 90
C51 COMPILER V6.14  SLIP                                                                   11/26/2005 20:58:31 PAGE 11  

0255 900000      R     MOV     DPTR,#out
0258 E0                MOVX    A,@DPTR
0259 FB                MOV     R3,A
025A A3                INC     DPTR
025B E4                CLR     A
025C 75F001            MOV     B,#01H
025F 120000      E     LCALL   ?C?ILDIX
0262 A9F0              MOV     R1,B
0264 FA                MOV     R2,A
0265 74C0              MOV     A,#0C0H
0267 120000      E     LCALL   ?C?CSTPTR
                                           ; SOURCE LINE # 91
026A 900000      R     MOV     DPTR,#size+01H
026D E0                MOVX    A,@DPTR
026E 2403              ADD     A,#03H
0270 FF                MOV     R7,A
0271 900000      R     MOV     DPTR,#size
0274 E0                MOVX    A,@DPTR
0275 3400              ADDC    A,#00H
0277 FE                MOV     R6,A
                                           ; SOURCE LINE # 92
0278         ?C0016:
0278 22                RET     
             ; FUNCTION _SLIP_Encode_Frame (END)

             ; FUNCTION _SLIP_Decode_Frame (BEGIN)
                                           ; SOURCE LINE # 94
;---- Variable 'c' assigned to Register 'R5' ----
0000 AD07              MOV     R5,AR7
;---- Variable 'outbuf' assigned to Register 'R1/R2/R3' ----
                                           ; SOURCE LINE # 95
                                           ; SOURCE LINE # 98
0002 900000      R     MOV     DPTR,#fescflag
0005 E0                MOVX    A,@DPTR
0006 7002              JNZ     ?C0038
0008 A3                INC     DPTR
0009 E0                MOVX    A,@DPTR
000A         ?C0038:
000A 6020              JZ      ?C0017
                                           ; SOURCE LINE # 99
                                           ; SOURCE LINE # 100
000C E4                CLR     A
000D 900000      R     MOV     DPTR,#fescflag
0010 F0                MOVX    @DPTR,A
0011 A3                INC     DPTR
0012 F0                MOVX    @DPTR,A
                                           ; SOURCE LINE # 101
0013 ED                MOV     A,R5
0014 B4DC04            CJNE    A,#0DCH,?C0018
0017 7DC0              MOV     R5,#0C0H
0019 8067              SJMP    ?C0022
001B         ?C0018:
                                           ; SOURCE LINE # 102
001B ED                MOV     A,R5
001C B4DD04            CJNE    A,#0DDH,?C0020
001F 7DDB              MOV     R5,#0DBH
0021 805F              SJMP    ?C0022
0023         ?C0020:
                                           ; SOURCE LINE # 103
0023 E4                CLR     A
0024 900000      R     MOV     DPTR,#state
0027 F0                MOVX    @DPTR,A
C51 COMPILER V6.14  SLIP                                                                   11/26/2005 20:58:31 PAGE 12  

0028 A3                INC     DPTR
0029 F0                MOVX    @DPTR,A
                                           ; SOURCE LINE # 104
002A 8056              SJMP    ?C0022
002C         ?C0017:
                                           ; SOURCE LINE # 105
002C ED                MOV     A,R5
002D B4DB0D            CJNE    A,#0DBH,?C0023
                                           ; SOURCE LINE # 106
                                           ; SOURCE LINE # 107
0030 900000      R     MOV     DPTR,#fescflag
0033 E4                CLR     A
0034 F0                MOVX    @DPTR,A
0035 A3                INC     DPTR
0036 04                INC     A
0037 F0                MOVX    @DPTR,A
                                           ; SOURCE LINE # 108
0038 7E00              MOV     R6,#00H
003A 7F00              MOV     R7,#00H
003C 22                RET     
                                           ; SOURCE LINE # 109
003D         ?C0023:
                                           ; SOURCE LINE # 110
003D ED                MOV     A,R5
003E 64C0              XRL     A,#0C0H
0040 7040              JNZ     ?C0022
                                           ; SOURCE LINE # 111
                                           ; SOURCE LINE # 112
0042 900000      R     MOV     DPTR,#state
0045 E0                MOVX    A,@DPTR
0046 7002              JNZ     ?C0039
0048 A3                INC     DPTR
0049 E0                MOVX    A,@DPTR
004A         ?C0039:
004A 701E              JNZ     ?C0027
                                           ; SOURCE LINE # 113
                                           ; SOURCE LINE # 114
004C 900000      R     MOV     DPTR,#rxPtr
004F EB                MOV     A,R3
0050 F0                MOVX    @DPTR,A
0051 A3                INC     DPTR
0052 EA                MOV     A,R2
0053 F0                MOVX    @DPTR,A
0054 A3                INC     DPTR
0055 E9                MOV     A,R1
0056 F0                MOVX    @DPTR,A
                                           ; SOURCE LINE # 115
0057 E4                CLR     A
0058 900000      R     MOV     DPTR,#rxlen
005B F0                MOVX    @DPTR,A
005C A3                INC     DPTR
005D F0                MOVX    @DPTR,A
                                           ; SOURCE LINE # 116
005E 900000      R     MOV     DPTR,#state
0061 F0                MOVX    @DPTR,A
0062 A3                INC     DPTR
0063 04                INC     A
0064 F0                MOVX    @DPTR,A
                                           ; SOURCE LINE # 117
0065 7E00              MOV     R6,#00H
0067 7F00              MOV     R7,#00H
0069 22                RET     
C51 COMPILER V6.14  SLIP                                                                   11/26/2005 20:58:31 PAGE 13  

                                           ; SOURCE LINE # 118
006A         ?C0027:
                                           ; SOURCE LINE # 120
                                           ; SOURCE LINE # 121
006A 900000      R     MOV     DPTR,#rxlen
006D E0                MOVX    A,@DPTR
006E FE                MOV     R6,A
006F A3                INC     DPTR
0070 E0                MOVX    A,@DPTR
0071 FF                MOV     R7,A
0072 900000      R     MOV     DPTR,#rtn_val
0075 EE                MOV     A,R6
0076 F0                MOVX    @DPTR,A
0077 A3                INC     DPTR
0078 EF                MOV     A,R7
0079 F0                MOVX    @DPTR,A
                                           ; SOURCE LINE # 122
007A E4                CLR     A
007B 900000      R     MOV     DPTR,#state
007E F0                MOVX    @DPTR,A
007F A3                INC     DPTR
0080 F0                MOVX    @DPTR,A
                                           ; SOURCE LINE # 123
0081 22                RET     
                                           ; SOURCE LINE # 124
                                           ; SOURCE LINE # 125
0082         ?C0022:
                                           ; SOURCE LINE # 127
0082 900000      R     MOV     DPTR,#state
0085 E0                MOVX    A,@DPTR
0086 7004              JNZ     ?C0040
0088 A3                INC     DPTR
0089 E0                MOVX    A,@DPTR
008A 6401              XRL     A,#01H
008C         ?C0040:
008C 7022              JNZ     ?C0029
                                           ; SOURCE LINE # 128
                                           ; SOURCE LINE # 129
008E 900000      R     MOV     DPTR,#rxPtr
0091 E0                MOVX    A,@DPTR
0092 FB                MOV     R3,A
0093 A3                INC     DPTR
0094 E4                CLR     A
0095 75F001            MOV     B,#01H
0098 120000      E     LCALL   ?C?ILDIX
009B A9F0              MOV     R1,B
009D FA                MOV     R2,A
009E ED                MOV     A,R5
009F 120000      E     LCALL   ?C?CSTPTR
                                           ; SOURCE LINE # 130
00A2 900000      R     MOV     DPTR,#rxlen+01H
00A5 E0                MOVX    A,@DPTR
00A6 04                INC     A
00A7 F0                MOVX    @DPTR,A
00A8 7006              JNZ     ?C0041
00AA 900000      R     MOV     DPTR,#rxlen
00AD E0                MOVX    A,@DPTR
00AE 04                INC     A
00AF F0                MOVX    @DPTR,A
00B0         ?C0041:
                                           ; SOURCE LINE # 131
00B0         ?C0029:
C51 COMPILER V6.14  SLIP                                                                   11/26/2005 20:58:31 PAGE 14  

                                           ; SOURCE LINE # 133
00B0 7E00              MOV     R6,#00H
00B2 7F00              MOV     R7,#00H
                                           ; SOURCE LINE # 134
00B4         ?C0024:
00B4 22                RET     
             ; FUNCTION _SLIP_Decode_Frame (END)

C51 COMPILER V6.14  SLIP                                                                   11/26/2005 20:58:31 PAGE 15  

NAME                                    CLASS   MSPACE  TYPE    OFFSET  SIZE
====                                    =====   ======  ====    ======  ====


_calc_crc. . . . . . . . . . . . . . .  EXTERN   CODE   PROC     -----  -----
_SLIP_Decode_Frame . . . . . . . . . .  PUBLIC   CODE   PROC     0000H  -----
  c. . . . . . . . . . . . . . . . . .  * REG *  DATA   U_CHAR   0005H  1
  outbuf . . . . . . . . . . . . . . .  * REG *  DATA   PTR      0001H  3
  rtn_val. . . . . . . . . . . . . . .  AUTO     XDATA  INT      0000H  2
_SLIP_Encode_Frame . . . . . . . . . .  PUBLIC   CODE   PROC     0000H  -----
  in . . . . . . . . . . . . . . . . .  AUTO     XDATA  PTR      0000H  3
  len. . . . . . . . . . . . . . . . .  AUTO     XDATA  INT      0003H  2
  out. . . . . . . . . . . . . . . . .  AUTO     XDATA  PTR      0005H  3
  size . . . . . . . . . . . . . . . .  AUTO     XDATA  INT      0008H  2
  i. . . . . . . . . . . . . . . . . .  AUTO     XDATA  INT      000AH  2
  crc. . . . . . . . . . . . . . . . .  AUTO     XDATA  U_INT    000CH  2
  trans_crc. . . . . . . . . . . . . .  * REG *  DATA   U_CHAR   0007H  1
rxPtr. . . . . . . . . . . . . . . . .  STATIC   XDATA  PTR      0000H  3
state. . . . . . . . . . . . . . . . .  STATIC   XDATA  INT      0003H  2
rxlen. . . . . . . . . . . . . . . . .  STATIC   XDATA  INT      0005H  2
fescflag . . . . . . . . . . . . . . .  STATIC   XDATA  INT      0007H  2


MODULE INFORMATION:   STATIC OVERLAYABLE
   CODE SIZE        =    814    ----
   CONSTANT SIZE    =   ----    ----
   XDATA SIZE       =      9      16
   PDATA SIZE       =   ----    ----
   DATA SIZE        =   ----    ----
   IDATA SIZE       =   ----    ----
   BIT SIZE         =   ----    ----
END OF MODULE INFORMATION.


C51 COMPILATION COMPLETE.  0 WARNING(S),  0 ERROR(S)
